<?xml version="1.0" encoding="UTF-8" ?>
<testsuite tests="19" failures="0" name="SpeakingClockTest" time="0.031" errors="0" skipped="0">
  <properties>
[...]
</properties>
  <testcase classname="SpeakingClockTest" name="convertReturnsTimeWithOneDigitLess" time="0.021"/>
  <testcase classname="SpeakingClockTest" name="convertReturnsJustAfterMidnight" time="0.01"/>
  <testcase classname="SpeakingClockTest" name="convertReturnsJustBeforeMidday" time="0"/>
  <testcase classname="SpeakingClockTest" name="convertReturnsBlankTime" time="0"/>
  <testcase classname="SpeakingClockTest" name="convertReturnsMidnight" time="0"/>
  <testcase classname="SpeakingClockTest" name="convertReturnsJustBeforeMidnight" time="0"/>
  <testcase classname="SpeakingClockTest" name="convertReturnsBlankMinutes" time="0"/>
  <testcase classname="SpeakingClockTest" name="convertReturnsInvalidHours" time="0"/>
  <testcase classname="SpeakingClockTest" name="convertReturnsHoursLessRange" time="0"/>
  <testcase classname="SpeakingClockTest" name="convertReturnsBlankHours" time="0"/>
  <testcase classname="SpeakingClockTest" name="convertReturnsJustAfterMidday" time="0"/>
  <testcase classname="SpeakingClockTest" name="convertReturnsHoursMoreThanRange" time="0"/>
  <testcase classname="SpeakingClockTest" name="convertReturnsAmTime" time="0"/>
  <testcase classname="SpeakingClockTest" name="convertReturnsMidday" time="0"/>
  <testcase classname="SpeakingClockTest" name="convertReturnsOnePm" time="0"/>
  <testcase classname="SpeakingClockTest" name="convertReturnsInvalidMinutes" time="0"/>
  <testcase classname="SpeakingClockTest" name="convertReturnsTimeWithoutSeparator" time="0"/>
  <testcase classname="SpeakingClockTest" name="convertReturnsMinutesMoreThanRange" time="0"/>
  <testcase classname="SpeakingClockTest" name="convertReturnsMinutesLessRange" time="0"/>
</testsuite>